WARN |false|20250227095117557|lmll57hcc001.generali.it||||||apigw-ptf-context|validateCallListaPolizzePerSoggettoNewNoPaginazione|START|WEBuser1740646283345000|ID-lmll57hcc001-generali-it-41627-1740403631765-19-4172||36ceb2c0-20e1-703b-325f-a5232ce8dcaf|A||E
WARN |false|20250227095117557|lmll57hcc001.generali.it||||||apigw-ptf-context|callCacheListaPolizzePerSoggettoNew|START|WEBuser1740646283345000|ID-lmll57hcc001-generali-it-41627-1740403631765-19-4172||36ceb2c0-20e1-703b-325f-a5232ce8dcaf|A||E
WARN |false|20250227095117574|lmll57hcc001.generali.it||||||apigw-ptf-context|callCacheListaPolizzePerSoggettoNew|Cache valorizzata!|WEBuser1740646283345000|ID-lmll57hcc001-generali-it-41627-1740403631765-19-4172||36ceb2c0-20e1-703b-325f-a5232ce8dcaf|A||E
WARN |false|20250227103643745|lmll57hcc001.generali.it||||||apigw-ptf-context|validateCallListaPolizzePerSoggettoNewNoPaginazione|START|WEBhdkuser1740648984476|ID-lmll57hcc001-generali-it-41627-1740403631765-19-4221||b69e82c0-d051-70a3-ad33-1a4b8b3d285e|A||E
WARN |false|20250227103643745|lmll57hcc001.generali.it||||||apigw-ptf-context|callCacheListaPolizzePerSoggettoNew|START|WEBhdkuser1740648984476|ID-lmll57hcc001-generali-it-41627-1740403631765-19-4221||b69e82c0-d051-70a3-ad33-1a4b8b3d285e|A||E
WARN |false|20250227103643760|lmll57hcc001.generali.it||||||apigw-ptf-context|callCacheListaPolizzePerSoggettoNew|Cache valorizzata!|WEBhdkuser1740648984476|ID-lmll57hcc001-generali-it-41627-1740403631765-19-4221||b69e82c0-d051-70a3-ad33-1a4b8b3d285e|A||E
WARN |false|20250227124748244|lmll57hcc001.generali.it||||||apigw-ptf-context|validateCallListaPolizzePerSoggettoNewNoPaginazione|START|WEBhdkuser1740656838369|ID-lmll57hcc001-generali-it-41627-1740403631765-19-4338||969ea290-a011-7073-05ca-12e2841e9c4f|A||E
WARN |false|20250227124748246|lmll57hcc001.generali.it||||||apigw-ptf-context|callCacheListaPolizzePerSoggettoNew|START|WEBhdkuser1740656838369|ID-lmll57hcc001-generali-it-41627-1740403631765-19-4338||969ea290-a011-7073-05ca-12e2841e9c4f|A||E
WARN |false|20250227124748258|lmll57hcc001.generali.it||||||apigw-ptf-context|callCacheListaPolizzePerSoggettoNew|Cache valorizzata!|WEBhdkuser1740656838369|ID-lmll57hcc001-generali-it-41627-1740403631765-19-4338||969ea290-a011-7073-05ca-12e2841e9c4f|A||E
WARN |false|20250227125245673|lmll57hcc001.generali.it||||||apigw-ptf-context|routeDettaglioPolizzaVersione10Security|START|WEBhdkuser1740656838369|ID-lmll57hcc001-generali-it-41627-1740403631765-19-4395||969ea290-a011-7073-05ca-12e2841e9c4f|A||E
WARN |false|20250227125245688|lmll57hcc001.generali.it||||||apigw-ptf-context|validateCallDettaglioPolizzaVersione10|START|WEBhdkuser1740656838369|ID-lmll57hcc001-generali-it-41627-1740403631765-19-4395||969ea290-a011-7073-05ca-12e2841e9c4f|A||E
WARN |false|20250227125245688|lmll57hcc001.generali.it||||||apigw-ptf-context|validateCallDettaglioPolizza|START|WEBhdkuser1740656838369|ID-lmll57hcc001-generali-it-41627-1740403631765-19-4395||969ea290-a011-7073-05ca-12e2841e9c4f|A||E
WARN |false|20250227125245688|lmll57hcc001.generali.it||||||apigw-ptf-context|validateCallDettaglioPolizza|CamelHttpUrl: Simple: http://alitsscert.alleanza.it/apigwInquiryPortafoglio/camel/security/alleanza/versione10/dettaglioPolizza/024943860 CamelHttpQuery tipoPolizza=V&sottoTipoPolizza=PR&tipoRuolo&codiceSoggettoLegacy&codiceProdotto=0410DCE3|WEBhdkuser1740656838369|ID-lmll57hcc001-generali-it-41627-1740403631765-19-4395||969ea290-a011-7073-05ca-12e2841e9c4f|A||E
WARN |false|20250227125245701|lmll57hcc001.generali.it||||||apigw-ptf-context|callDettaglioPolizzaVitaIndividuali|START|WEBhdkuser1740656838369|ID-lmll57hcc001-generali-it-41627-1740403631765-19-4395||969ea290-a011-7073-05ca-12e2841e9c4f|A||E
WARN |false|20250227125245701|lmll57hcc001.generali.it||||||apigw-ptf-context|multicastDettaglioPolizzaPrevidenza|START|WEBhdkuser1740656838369|ID-lmll57hcc001-generali-it-41627-1740403631765-19-4395||969ea290-a011-7073-05ca-12e2841e9c4f|A||E
WARN |false|20250227125245703|lmll57hcc001.generali.it||||||apigw-ptf-context|direct:callRS_GENERALI_EES_VI_IN_listaFontiContributiveRiparti|START|WEBhdkuser1740656838369|ID-lmll57hcc001-generali-it-41627-1740403631765-19-4397||969ea290-a011-7073-05ca-12e2841e9c4f|A||E
WARN |false|20250227125245705|lmll57hcc001.generali.it||||||apigw-ptf-context|callVI_IN_GPOL_SRVGestorePolizzav0301#dettaglioPolizza|START|WEBhdkuser1740656838369|ID-lmll57hcc001-generali-it-41627-1740403631765-19-4399||969ea290-a011-7073-05ca-12e2841e9c4f|A||E
WARN |false|20250227125245705|lmll57hcc001.generali.it||||||apigw-ptf-context|direct:callEESVI_IN#dettaglioPolizza|START|WEBhdkuser1740656838369|ID-lmll57hcc001-generali-it-41627-1740403631765-19-4399||969ea290-a011-7073-05ca-12e2841e9c4f|A||E
WARN |false|20250227125255390|lmll57hcc001.generali.it||||||apigw-ptf-context|routeDettaglioPolizzaVersione10Security|STOP|WEBhdkuser1740656838369|ID-lmll57hcc001-generali-it-41627-1740403631765-19-4395||969ea290-a011-7073-05ca-12e2841e9c4f|A||E
WARN |false|20250227125608615|lmll57hcc001.generali.it||||||apigw-ptf-context|validateCallListaPolizzePerSoggettoNewNoPaginazione|START|WEBuser1740657363038000|ID-lmll57hcc001-generali-it-41627-1740403631765-19-4450||f63eb2f0-90b1-70d2-1af8-1d51b046dae7|A||E
WARN |false|20250227125608616|lmll57hcc001.generali.it||||||apigw-ptf-context|callCacheListaPolizzePerSoggettoNew|START|WEBuser1740657363038000|ID-lmll57hcc001-generali-it-41627-1740403631765-19-4450||f63eb2f0-90b1-70d2-1af8-1d51b046dae7|A||E
WARN |false|20250227125608627|lmll57hcc001.generali.it||||||apigw-ptf-context|callCacheListaPolizzePerSoggettoNew|Cache valorizzata!|WEBuser1740657363038000|ID-lmll57hcc001-generali-it-41627-1740403631765-19-4450||f63eb2f0-90b1-70d2-1af8-1d51b046dae7|A||E
WARN |false|20250227130021982|lmll57hcc001.generali.it||||||apigw-ptf-context|validateCallListaPolizzePerSoggettoNewNoPaginazione|START|WEBhdkuser1740656838369|ID-lmll57hcc001-generali-it-41627-1740403631765-19-4547||969ea290-a011-7073-05ca-12e2841e9c4f|A||E
WARN |false|20250227130021982|lmll57hcc001.generali.it||||||apigw-ptf-context|callCacheListaPolizzePerSoggettoNew|START|WEBhdkuser1740656838369|ID-lmll57hcc001-generali-it-41627-1740403631765-19-4547||969ea290-a011-7073-05ca-12e2841e9c4f|A||E
WARN |false|20250227130021994|lmll57hcc001.generali.it||||||apigw-ptf-context|callCacheListaPolizzePerSoggettoNew|Cache valorizzata!|WEBhdkuser1740656838369|ID-lmll57hcc001-generali-it-41627-1740403631765-19-4547||969ea290-a011-7073-05ca-12e2841e9c4f|A||E
